TN:
SF:/Users/joey/workenv/codecov-test-2/calculator/ts/src/Add.ts
FN:1,(anonymous_0)
FN:3,Add
FN:7,(anonymous_2)
FNF:3
FNH:3
FNDA:1,(anonymous_0)
FNDA:1,Add
FNDA:2,(anonymous_2)
DA:1,1
DA:4,1
DA:7,1
DA:8,2
DA:10,1
LF:5
LH:5
BRF:0
BRH:0
end_of_record
TN:
SF:/Users/joey/workenv/codecov-test-2/calculator/ts/src/Subtract.ts
FN:1,(anonymous_0)
FN:3,Subtract
FN:7,(anonymous_2)
FNF:3
FNH:3
FNDA:1,(anonymous_0)
FNDA:1,Subtract
FNDA:2,(anonymous_2)
DA:1,1
DA:4,1
DA:7,1
DA:8,2
DA:10,1
LF:5
LH:5
BRF:0
BRH:0
end_of_record
